<?xml version="1.0" encoding="UTF-8"?>
<!-- Generated by org.testng.reporters.JUnitXMLReporter -->
<testsuite ignored="0" hostname="DESKTOP-KFIML1H" failures="1" tests="2" name="FirefoxTest" time="17.041" errors="0" timestamp="2024-01-06T14:15:11 IST">
  <testcase classname="testngdiscussion.ExecutingTestTagInParallel" name="launchfirefox" time="16.908"/>
  <testcase classname="testngdiscussion.ExecutingTestTagInParallel" name="getTitleOfPage" time="0.01">
    <failure type="java.lang.NullPointerException" message="Cannot invoke &amp;quot;org.openqa.selenium.WebDriver.getTitle()&amp;quot; because &amp;quot;this.driver&amp;quot; is null">
      <![CDATA[java.lang.NullPointerException: Cannot invoke "org.openqa.selenium.WebDriver.getTitle()" because "this.driver" is null
at testngdiscussion.ExecutingTestTagInParallel.getTitleOfPage(ExecutingTestTagInParallel.java:22)
at java.base/java.util.ArrayList.forEach(ArrayList.java:1511)
... Removed 27 stack frames]]>
    </failure>
  </testcase> <!-- getTitleOfPage -->
</testsuite> <!-- FirefoxTest -->
