<?xml version="1.0" encoding="UTF-8"?>
<!-- Generated by org.testng.reporters.JUnitXMLReporter -->
<testsuite ignored="1" hostname="DESKTOP-KFIML1H" failures="0" tests="4" name="Test" time="4.312" errors="0" timestamp="2024-01-18T14:28:00 IST">
  <testcase classname="rahulsheetytest.RegisterTest" name="clickOnRegister" time="0.345"/>
  <testcase classname="rahulsheetytest.RegisterTest" name="fillingUserDetails" time="2.613"/>
  <testcase classname="rahulsheetytest.RegisterTest" name="clickOnLogin" time="0.412"/>
  <testcase classname="rahulsheetytest.LoginTest" name="userLogin" time="0.674"/>
  <testcase classname="rahulsheetytest.BaseTest" name="@BeforeSuite launch" time="0.0">
    <ignored/>
  </testcase> <!-- @BeforeSuite launch -->
</testsuite> <!-- Test -->
