<?xml version="1.0" encoding="UTF-8"?>
<!-- Generated by org.testng.reporters.JUnitXMLReporter -->
<testsuite ignored="0" hostname="DESKTOP-KFIML1H" failures="0" tests="4" name="Morning" time="0.212" errors="0" timestamp="2023-12-30T13:07:46 IST">
  <testcase classname="testngdiscussion.HomePageTest" name="validateCarousel" time="0.024"/>
  <testcase classname="testngdiscussion.HomePageTest" name="verifyUrl" time="0.007"/>
  <testcase classname="testngdiscussion.LoginPage" name="getTitle" time="0.007"/>
  <testcase classname="testngdiscussion.LoginPage" name="loginToApp" time="0.005"/>
</testsuite> <!-- Morning -->
