<?xml version="1.0" encoding="UTF-8"?>
<testng-results ignored="1" total="5" passed="4" failed="0" skipped="0">
  <reporter-output>
  </reporter-output>
  <suite started-at="2024-01-18T14:27:55 IST" name="Suite" finished-at="2024-01-18T14:28:00 IST" duration-ms="4312">
    <groups>
    </groups>
    <test started-at="2024-01-18T14:27:55 IST" name="Test" finished-at="2024-01-18T14:28:00 IST" duration-ms="4312">
      <class name="rahulsheetytest.LoginTest">
        <test-method is-config="true" signature="object()[pri:0, instance:rahulsheetytest.LoginTest@576d5deb]" started-at="2024-01-18T14:27:59 IST" name="object" finished-at="2024-01-18T14:27:59 IST" duration-ms="7" status="PASS">
          <reporter-output>
          </reporter-output>
        </test-method> <!-- object -->
        <test-method signature="userLogin()[pri:4, instance:rahulsheetytest.LoginTest@576d5deb]" started-at="2024-01-18T14:27:59 IST" name="userLogin" finished-at="2024-01-18T14:28:00 IST" duration-ms="674" status="PASS">
          <reporter-output>
          </reporter-output>
        </test-method> <!-- userLogin -->
      </class> <!-- rahulsheetytest.LoginTest -->
      <class name="rahulsheetytest.RegisterTest">
        <test-method is-config="true" signature="launch()[pri:0, instance:rahulsheetytest.RegisterTest@942a29c]" started-at="2024-01-18T14:27:48 IST" name="launch" finished-at="2024-01-18T14:27:55 IST" duration-ms="7679" status="PASS">
          <reporter-output>
          </reporter-output>
        </test-method> <!-- launch -->
        <test-method is-config="true" signature="object()[pri:0, instance:rahulsheetytest.RegisterTest@942a29c]" started-at="2024-01-18T14:27:56 IST" name="object" finished-at="2024-01-18T14:27:56 IST" duration-ms="96" status="PASS">
          <reporter-output>
          </reporter-output>
        </test-method> <!-- object -->
        <test-method signature="clickOnRegister()[pri:1, instance:rahulsheetytest.RegisterTest@942a29c]" started-at="2024-01-18T14:27:56 IST" name="clickOnRegister" finished-at="2024-01-18T14:27:56 IST" duration-ms="345" status="PASS">
          <reporter-output>
          </reporter-output>
        </test-method> <!-- clickOnRegister -->
        <test-method signature="fillingUserDetails()[pri:2, instance:rahulsheetytest.RegisterTest@942a29c]" started-at="2024-01-18T14:27:56 IST" name="fillingUserDetails" finished-at="2024-01-18T14:27:59 IST" duration-ms="2613" status="PASS">
          <reporter-output>
          </reporter-output>
        </test-method> <!-- fillingUserDetails -->
        <test-method signature="clickOnLogin()[pri:3, instance:rahulsheetytest.RegisterTest@942a29c]" started-at="2024-01-18T14:27:59 IST" name="clickOnLogin" finished-at="2024-01-18T14:27:59 IST" duration-ms="412" status="PASS">
          <reporter-output>
          </reporter-output>
        </test-method> <!-- clickOnLogin -->
      </class> <!-- rahulsheetytest.RegisterTest -->
    </test> <!-- Test -->
  </suite> <!-- Suite -->
</testng-results>
